Grading revision r18589 by tolar2, dated 2015-02-27 00:42:04.000962185 -0600 CST
Monad Autograder
Testing mp3 at 2015-02-28 00:38:52

"(reading a password) Uppercase 0... [...] Lowercase 0..." ~ Sean Massung

Setting up test environment...
Compiling...
================================================================


Running tests...
================================================================
testInsertFront  . . . . . . . . [2 pts]  - passed
testInsertBack . . . . . . . . . [2 pts]  - passed
testDestructor10 (asan)  . . . . [3 pts]  - passed
testDestructor37 (asan)  . . . . [3 pts]  - passed
testReverse20_size . . . . . . . [1 pts]  - passed
testReverse20_forward  . . . . . [1 pts]  - passed
testReverse20_backward . . . . . [1 pts]  - passed
testReverse37_size . . . . . . . [1 pts]  - passed
testReverse37_forward  . . . . . [1 pts]  - passed
testReverse37_backward . . . . . [1 pts]  - passed
testReverseEmpty (asan)  . . . . [1 pts]  - passed
testReverse20_memory (asan)  . . [1 pts]  - passed
testReverseNth20_2_size  . . . . [1 pts]  - passed
testReverseNth20_2_forward . . . [1 pts]  - passed
testReverseNth20_2_backward  . . [1 pts]  - passed
testReverseNth37_4_size  . . . . [1 pts]  - passed
testReverseNth37_4_forward . . . [1 pts]  - passed
testReverseNth37_4_backward  . . [1 pts]  - passed
testReverseNth37_37  . . . . . . [1 pts]  - passed
testReverseNth37_4_memory (asan) [1 pts]  - passed
testReverseNthEmpty (asan) . . . [1 pts]  - passed
testWaterfall4_size  . . . . . . [1 pts]  - passed
testWaterfall4_forward . . . . . [1 pts]  - passed
testWaterfall4_backward  . . . . [2 pts]  - passed
testWaterfall7_size  . . . . . . [1 pts]  - passed
testWaterfall7_forward . . . . . [1 pts]  - passed
testWaterfall7_backward  . . . . [2 pts]  - passed
testWaterfall12_size . . . . . . [1 pts]  - passed
testWaterfall12_forward  . . . . [1 pts]  - passed
testWaterfall12_backward . . . . [2 pts]  - passed
testWaterfall7_memory (asan) . . [3 pts]  - passed
testWaterfall7_empty (asan)  . . [3 pts]  - FAILED: Memory errors detected by ASAN
testSplit5_this_size . . . . . . [1 pts]  - passed
testSplit5_this_forward  . . . . [1 pts]  - passed
testSplit5_this_backward . . . . [1 pts]  - passed
testSplit5_split_size  . . . . . [1 pts]  - passed
testSplit5_split_forward . . . . [1 pts]  - passed
testSplit5_split_backward  . . . [1 pts]  - passed
testSplit5_mem (asan)  . . . . . [3 pts]  - passed
testMerge_size . . . . . . . . . [1 pts]  - passed
testMerge_forward  . . . . . . . [1 pts]  - passed
testMerge_backward . . . . . . . [1 pts]  - passed
testMerge_mem (asan) . . . . . . [3 pts]  - passed
testSort16p_s  . . . . . . . . . [1 pts]  - passed
testSort16p_f  . . . . . . . . . [2 pts]  - passed
testSort16p_b  . . . . . . . . . [2 pts]  - passed
testSort20p_s  . . . . . . . . . [1 pts]  - passed
testSort20p_f  . . . . . . . . . [2 pts]  - passed
testSort20p_b  . . . . . . . . . [2 pts]  - passed
testSort27p_s  . . . . . . . . . [1 pts]  - passed
testSort27p_f  . . . . . . . . . [2 pts]  - passed
testSort27p_b  . . . . . . . . . [2 pts]  - passed
testSortEmpty  . . . . . . . . . [5 pts]  - passed
testSort259p_s . . . . . . . . . [1 pts]  - passed
testSort259p_f . . . . . . . . . [2 pts]  - passed
testSort259p_b . . . . . . . . . [2 pts]  - passed
testSortMemLeak (asan) . . . . . [5 pts]  - passed
testSortNlogN  . . . . . . . . . [10 pts] - passed


Total score...
================================================================
TOTAL SCORE: 97



Detailed test output...
================================================================
----------------------------------------------------------------
testWaterfall7_empty (run under asan) [3 points]
Result: FAILED: Memory errors detected by ASAN
Took unknown time (10000ms timeout)
Output:
----------------------------------------------------------------
Running testWaterfall7_empty [worth 3 points, output below]
< 0 2 4 3 1 >
ASAN:SIGSEGV
=================================================================
==12683==ERROR: AddressSanitizer: SEGV on unknown address 0x000000000000 (pc 0x00000068a385 bp 0x7fff4f0c0410 sp 0x7fff4f0c0220 T0)
    #0 0x68a384 in List<int>::waterfall() (/dev/shm/cs225student/autograder/monad/monad/mp3_grade/proxy-asan+0x68a384)
    #1 0x667d7c in testWaterfallEmpty(check_t, bool) (/dev/shm/cs225student/autograder/monad/monad/mp3_grade/proxy-asan+0x667d7c)
    #2 0x66931e in proxy_test::testWaterfall7_empty(util::sizedpipestream<512ul>&) (/dev/shm/cs225student/autograder/monad/monad/mp3_grade/proxy-asan+0x66931e)
    #3 0x4e6db8 in monad_shared::unit_test_input::execute(util::sizedpipestream<512ul>&) const (/dev/shm/cs225student/autograder/monad/monad/mp3_grade/proxy-asan+0x4e6db8)
    #4 0x4ce1c3 in proxy::test_execution::child_test() (/dev/shm/cs225student/autograder/monad/monad/mp3_grade/proxy-asan+0x4ce1c3)
    #5 0x4bfd19 in proxy::test_execution::child() (/dev/shm/cs225student/autograder/monad/monad/mp3_grade/proxy-asan+0x4bfd19)
    #6 0x4ba5d2 in proxy::RunTests::run_single_test(monad_shared::unit_test_input const&) (/dev/shm/cs225student/autograder/monad/monad/mp3_grade/proxy-asan+0x4ba5d2)
    #7 0x4b4567 in proxy::RunTests::run_single_test(char const*) (/dev/shm/cs225student/autograder/monad/monad/mp3_grade/proxy-asan+0x4b4567)
    #8 0x4b3707 in proxy::RunTests::execute_by_mode() (/dev/shm/cs225student/autograder/monad/monad/mp3_grade/proxy-asan+0x4b3707)
    #9 0x4afe69 in proxy::RunTests::execute() (/dev/shm/cs225student/autograder/monad/monad/mp3_grade/proxy-asan+0x4afe69)
    #10 0x4adf70 in main (/dev/shm/cs225student/autograder/monad/monad/mp3_grade/proxy-asan+0x4adf70)
    #11 0x36d8e1ed5c in __libc_start_main (/lib64/libc.so.6+0x36d8e1ed5c)
    #12 0x4a6afc in _start (/dev/shm/cs225student/autograder/monad/monad/mp3_grade/proxy-asan+0x4a6afc)

AddressSanitizer can not provide additional info.
SUMMARY: AddressSanitizer: SEGV ??:0 List<int>::waterfall()
==12683==ABORTING
Result: FAILED:
Memory Errors Detected by ASAN


----------------------------------------------------------------
Total score...
================================================================
TOTAL SCORE: 97

